{"date":"2023-03-18T11:55:21.390Z","level":"info","message":"Request received","method":"GET","service":"user-service","url":"/api-docs"}
{"date":"2023-03-18T11:55:21.465Z","level":"info","message":"Request received","method":"GET","service":"user-service","url":"/api-docs/"}
{"date":"2023-03-18T11:55:21.630Z","level":"info","message":"Request received","method":"GET","service":"user-service","url":"/api-docs/swagger-ui.css"}
{"date":"2023-03-18T11:55:21.633Z","level":"info","message":"Request received","method":"GET","service":"user-service","url":"/api-docs/swagger-ui-bundle.js"}
{"date":"2023-03-18T11:55:21.640Z","level":"info","message":"Request received","method":"GET","service":"user-service","url":"/api-docs/swagger-ui-standalone-preset.js"}
{"date":"2023-03-18T11:55:21.644Z","level":"info","message":"Request received","method":"GET","service":"user-service","url":"/api-docs/swagger-ui-init.js"}
{"date":"2023-03-18T11:55:23.331Z","level":"info","message":"Request received","method":"GET","service":"user-service","url":"/api-docs/favicon-32x32.png"}
{"date":"2023-03-18T11:56:28.283Z","level":"info","message":"Request received","method":"GET","service":"user-service","url":"/api-docs/"}
{"date":"2023-03-18T11:56:28.376Z","level":"info","message":"Request received","method":"GET","service":"user-service","url":"/api-docs/swagger-ui.css"}
{"date":"2023-03-18T11:56:28.382Z","level":"info","message":"Request received","method":"GET","service":"user-service","url":"/api-docs/swagger-ui-bundle.js"}
{"date":"2023-03-18T11:56:28.386Z","level":"info","message":"Request received","method":"GET","service":"user-service","url":"/api-docs/swagger-ui-init.js"}
{"date":"2023-03-18T11:56:28.398Z","level":"info","message":"Request received","method":"GET","service":"user-service","url":"/api-docs/swagger-ui-standalone-preset.js"}
{"date":"2023-03-18T11:56:28.964Z","level":"info","message":"Request received","method":"GET","service":"user-service","url":"/api-docs/favicon-32x32.png"}
{"date":"2023-03-18T12:02:10.800Z","level":"info","message":"Request received","method":"GET","service":"user-service","url":"/api-docs/"}
{"date":"2023-03-18T12:02:10.885Z","level":"info","message":"Request received","method":"GET","service":"user-service","url":"/api-docs/swagger-ui.css"}
{"date":"2023-03-18T12:02:10.889Z","level":"info","message":"Request received","method":"GET","service":"user-service","url":"/api-docs/swagger-ui-bundle.js"}
{"date":"2023-03-18T12:02:10.903Z","level":"info","message":"Request received","method":"GET","service":"user-service","url":"/api-docs/swagger-ui-standalone-preset.js"}
{"date":"2023-03-18T12:02:10.906Z","level":"info","message":"Request received","method":"GET","service":"user-service","url":"/api-docs/swagger-ui-init.js"}
{"date":"2023-03-18T12:02:11.324Z","level":"info","message":"Request received","method":"GET","service":"user-service","url":"/api-docs/favicon-32x32.png"}
{"date":"2023-03-18T12:04:34.661Z","level":"info","message":"Request received","method":"GET","service":"user-service","url":"/api-docs/"}
{"date":"2023-03-18T12:04:34.744Z","level":"info","message":"Request received","method":"GET","service":"user-service","url":"/api-docs/swagger-ui.css"}
{"date":"2023-03-18T12:04:34.759Z","level":"info","message":"Request received","method":"GET","service":"user-service","url":"/api-docs/swagger-ui-bundle.js"}
{"date":"2023-03-18T12:04:34.770Z","level":"info","message":"Request received","method":"GET","service":"user-service","url":"/api-docs/swagger-ui-standalone-preset.js"}
{"date":"2023-03-18T12:04:34.773Z","level":"info","message":"Request received","method":"GET","service":"user-service","url":"/api-docs/swagger-ui-init.js"}
{"date":"2023-03-18T12:04:35.172Z","level":"info","message":"Request received","method":"GET","service":"user-service","url":"/api-docs/favicon-32x32.png"}
{"date":"2023-03-18T12:04:48.524Z","level":"info","message":"Request received","method":"GET","service":"user-service","url":"/api-docs/"}
{"date":"2023-03-18T12:04:48.581Z","level":"info","message":"Request received","method":"GET","service":"user-service","url":"/api-docs/swagger-ui.css"}
{"date":"2023-03-18T12:04:48.591Z","level":"info","message":"Request received","method":"GET","service":"user-service","url":"/api-docs/swagger-ui-bundle.js"}
{"date":"2023-03-18T12:04:48.604Z","level":"info","message":"Request received","method":"GET","service":"user-service","url":"/api-docs/swagger-ui-standalone-preset.js"}
{"date":"2023-03-18T12:04:48.609Z","level":"info","message":"Request received","method":"GET","service":"user-service","url":"/api-docs/swagger-ui-init.js"}
{"date":"2023-03-18T12:04:49.064Z","level":"info","message":"Request received","method":"GET","service":"user-service","url":"/api-docs/favicon-32x32.png"}
{"date":"2023-03-18T12:05:49.706Z","level":"info","message":"Request received","method":"GET","service":"user-service","url":"/api-docs/"}
{"date":"2023-03-18T12:05:49.785Z","level":"info","message":"Request received","method":"GET","service":"user-service","url":"/api-docs/swagger-ui.css"}
{"date":"2023-03-18T12:05:49.802Z","level":"info","message":"Request received","method":"GET","service":"user-service","url":"/api-docs/swagger-ui-bundle.js"}
{"date":"2023-03-18T12:05:49.816Z","level":"info","message":"Request received","method":"GET","service":"user-service","url":"/api-docs/swagger-ui-standalone-preset.js"}
{"date":"2023-03-18T12:05:49.825Z","level":"info","message":"Request received","method":"GET","service":"user-service","url":"/api-docs/swagger-ui-init.js"}
{"date":"2023-03-18T12:05:50.213Z","level":"info","message":"Request received","method":"GET","service":"user-service","url":"/api-docs/favicon-32x32.png"}
{"date":"2023-03-18T12:07:05.429Z","level":"info","message":"Request received","method":"GET","service":"user-service","url":"/api-docs/"}
{"date":"2023-03-18T12:07:05.494Z","level":"info","message":"Request received","method":"GET","service":"user-service","url":"/api-docs/swagger-ui.css"}
{"date":"2023-03-18T12:07:05.501Z","level":"info","message":"Request received","method":"GET","service":"user-service","url":"/api-docs/swagger-ui-bundle.js"}
{"date":"2023-03-18T12:07:05.514Z","level":"info","message":"Request received","method":"GET","service":"user-service","url":"/api-docs/swagger-ui-standalone-preset.js"}
{"date":"2023-03-18T12:07:05.520Z","level":"info","message":"Request received","method":"GET","service":"user-service","url":"/api-docs/swagger-ui-init.js"}
{"date":"2023-03-18T12:07:05.974Z","level":"info","message":"Request received","method":"GET","service":"user-service","url":"/api-docs/favicon-32x32.png"}
{"date":"2023-03-18T12:09:27.137Z","level":"info","message":"Request received","method":"GET","service":"user-service","url":"/api-docs/"}
{"date":"2023-03-18T12:09:27.200Z","level":"info","message":"Request received","method":"GET","service":"user-service","url":"/api-docs/swagger-ui.css"}
{"date":"2023-03-18T12:09:27.204Z","level":"info","message":"Request received","method":"GET","service":"user-service","url":"/api-docs/swagger-ui-bundle.js"}
{"date":"2023-03-18T12:09:27.213Z","level":"info","message":"Request received","method":"GET","service":"user-service","url":"/api-docs/swagger-ui-standalone-preset.js"}
{"date":"2023-03-18T12:09:27.231Z","level":"info","message":"Request received","method":"GET","service":"user-service","url":"/api-docs/swagger-ui-init.js"}
{"date":"2023-03-18T12:09:27.598Z","level":"info","message":"Request received","method":"GET","service":"user-service","url":"/api-docs/favicon-32x32.png"}
{"date":"2023-03-18T12:10:43.626Z","level":"info","message":"Request received","method":"GET","service":"user-service","url":"/api-docs/"}
{"date":"2023-03-18T12:10:43.728Z","level":"info","message":"Request received","method":"GET","service":"user-service","url":"/api-docs/swagger-ui.css"}
{"date":"2023-03-18T12:10:43.735Z","level":"info","message":"Request received","method":"GET","service":"user-service","url":"/api-docs/swagger-ui-bundle.js"}
{"date":"2023-03-18T12:10:43.741Z","level":"info","message":"Request received","method":"GET","service":"user-service","url":"/api-docs/swagger-ui-standalone-preset.js"}
{"date":"2023-03-18T12:10:43.755Z","level":"info","message":"Request received","method":"GET","service":"user-service","url":"/api-docs/swagger-ui-init.js"}
{"date":"2023-03-18T12:10:44.968Z","level":"info","message":"Request received","method":"GET","service":"user-service","url":"/api-docs/favicon-32x32.png"}
{"date":"2023-03-18T12:11:20.372Z","level":"info","message":"Request received","method":"GET","service":"user-service","url":"/api-docs/"}
{"date":"2023-03-18T12:11:20.452Z","level":"info","message":"Request received","method":"GET","service":"user-service","url":"/api-docs/swagger-ui.css"}
{"date":"2023-03-18T12:11:20.471Z","level":"info","message":"Request received","method":"GET","service":"user-service","url":"/api-docs/swagger-ui-bundle.js"}
{"date":"2023-03-18T12:11:20.475Z","level":"info","message":"Request received","method":"GET","service":"user-service","url":"/api-docs/swagger-ui-init.js"}
{"date":"2023-03-18T12:11:20.480Z","level":"info","message":"Request received","method":"GET","service":"user-service","url":"/api-docs/swagger-ui-standalone-preset.js"}
{"date":"2023-03-18T12:11:21.001Z","level":"info","message":"Request received","method":"GET","service":"user-service","url":"/api-docs/favicon-32x32.png"}
{"date":"2023-03-18T12:12:15.984Z","level":"info","message":"Request received","method":"GET","service":"user-service","url":"/api-docs/"}
{"date":"2023-03-18T12:12:16.073Z","level":"info","message":"Request received","method":"GET","service":"user-service","url":"/api-docs/swagger-ui.css"}
{"date":"2023-03-18T12:12:16.085Z","level":"info","message":"Request received","method":"GET","service":"user-service","url":"/api-docs/swagger-ui-standalone-preset.js"}
{"date":"2023-03-18T12:12:16.101Z","level":"info","message":"Request received","method":"GET","service":"user-service","url":"/api-docs/swagger-ui-bundle.js"}
{"date":"2023-03-18T12:12:16.104Z","level":"info","message":"Request received","method":"GET","service":"user-service","url":"/api-docs/swagger-ui-init.js"}
{"date":"2023-03-18T12:12:16.472Z","level":"info","message":"Request received","method":"GET","service":"user-service","url":"/api-docs/favicon-32x32.png"}
{"date":"2023-03-18T12:13:28.892Z","level":"info","message":"Request received","method":"GET","service":"user-service","url":"/api-docs/favicon-32x32.png"}
{"date":"2023-03-18T12:13:28.921Z","level":"info","message":"Request received","method":"GET","service":"user-service","url":"/api-docs/"}
{"date":"2023-03-18T12:13:29.107Z","level":"info","message":"Request received","method":"GET","service":"user-service","url":"/api-docs/swagger-ui.css"}
{"date":"2023-03-18T12:13:29.117Z","level":"info","message":"Request received","method":"GET","service":"user-service","url":"/api-docs/swagger-ui-bundle.js"}
{"date":"2023-03-18T12:13:29.121Z","level":"info","message":"Request received","method":"GET","service":"user-service","url":"/api-docs/swagger-ui-standalone-preset.js"}
{"date":"2023-03-18T12:13:29.123Z","level":"info","message":"Request received","method":"GET","service":"user-service","url":"/api-docs/swagger-ui-init.js"}
{"date":"2023-03-18T12:13:32.976Z","level":"info","message":"Request received","method":"GET","service":"user-service","url":"/api-docs/"}
{"date":"2023-03-18T12:13:33.029Z","level":"info","message":"Request received","method":"GET","service":"user-service","url":"/api-docs/swagger-ui.css"}
{"date":"2023-03-18T12:13:33.040Z","level":"info","message":"Request received","method":"GET","service":"user-service","url":"/api-docs/swagger-ui-bundle.js"}
{"date":"2023-03-18T12:13:33.049Z","level":"info","message":"Request received","method":"GET","service":"user-service","url":"/api-docs/swagger-ui-standalone-preset.js"}
{"date":"2023-03-18T12:13:33.056Z","level":"info","message":"Request received","method":"GET","service":"user-service","url":"/api-docs/swagger-ui-init.js"}
{"date":"2023-03-18T12:13:33.422Z","level":"info","message":"Request received","method":"GET","service":"user-service","url":"/api-docs/favicon-32x32.png"}
{"date":"2023-03-18T12:13:56.838Z","level":"info","message":"Request received","method":"GET","service":"user-service","url":"/api-docs/"}
{"date":"2023-03-18T12:13:56.912Z","level":"info","message":"Request received","method":"GET","service":"user-service","url":"/api-docs/swagger-ui.css"}
{"date":"2023-03-18T12:13:56.930Z","level":"info","message":"Request received","method":"GET","service":"user-service","url":"/api-docs/swagger-ui-bundle.js"}
{"date":"2023-03-18T12:13:56.937Z","level":"info","message":"Request received","method":"GET","service":"user-service","url":"/api-docs/swagger-ui-init.js"}
{"date":"2023-03-18T12:13:56.942Z","level":"info","message":"Request received","method":"GET","service":"user-service","url":"/api-docs/swagger-ui-standalone-preset.js"}
{"date":"2023-03-18T12:13:57.288Z","level":"info","message":"Request received","method":"GET","service":"user-service","url":"/api-docs/favicon-32x32.png"}
{"date":"2023-03-18T12:14:06.576Z","level":"info","message":"Request received","method":"GET","service":"user-service","url":"/api-docs/"}
{"date":"2023-03-18T12:14:06.625Z","level":"info","message":"Request received","method":"GET","service":"user-service","url":"/api-docs/swagger-ui.css"}
{"date":"2023-03-18T12:14:06.631Z","level":"info","message":"Request received","method":"GET","service":"user-service","url":"/api-docs/swagger-ui-bundle.js"}
{"date":"2023-03-18T12:14:06.646Z","level":"info","message":"Request received","method":"GET","service":"user-service","url":"/api-docs/swagger-ui-standalone-preset.js"}
{"date":"2023-03-18T12:14:06.657Z","level":"info","message":"Request received","method":"GET","service":"user-service","url":"/api-docs/swagger-ui-init.js"}
{"date":"2023-03-18T12:14:06.947Z","level":"info","message":"Request received","method":"GET","service":"user-service","url":"/api-docs/favicon-32x32.png"}
{"date":"2023-03-18T12:14:40.464Z","level":"info","message":"Request received","method":"GET","service":"user-service","url":"/api-docs/"}
{"date":"2023-03-18T12:14:40.572Z","level":"info","message":"Request received","method":"GET","service":"user-service","url":"/api-docs/swagger-ui.css"}
{"date":"2023-03-18T12:14:40.578Z","level":"info","message":"Request received","method":"GET","service":"user-service","url":"/api-docs/swagger-ui-bundle.js"}
{"date":"2023-03-18T12:14:40.586Z","level":"info","message":"Request received","method":"GET","service":"user-service","url":"/api-docs/swagger-ui-standalone-preset.js"}
{"date":"2023-03-18T12:14:40.609Z","level":"info","message":"Request received","method":"GET","service":"user-service","url":"/api-docs/swagger-ui-init.js"}
{"date":"2023-03-18T12:14:41.266Z","level":"info","message":"Request received","method":"GET","service":"user-service","url":"/api-docs/favicon-32x32.png"}
{"date":"2023-03-18T12:29:00.797Z","level":"info","message":"Request received","method":"GET","service":"user-service","url":"/"}
{"date":"2023-03-18T12:30:38.116Z","level":"info","message":"Request received","method":"GET","service":"user-service","url":"/"}
{"date":"2023-03-18T12:38:23.451Z","level":"info","message":"Request received","method":"GET","service":"user-service","url":"/api-docs/"}
{"date":"2024-02-02T16:40:53.253Z","level":"info","message":"Request received","method":"GET","service":"user-service","url":"/api-docs"}
{"date":"2024-02-02T16:40:53.313Z","level":"info","message":"Request received","method":"GET","service":"user-service","url":"/api-docs/"}
{"date":"2024-02-02T16:40:53.418Z","level":"info","message":"Request received","method":"GET","service":"user-service","url":"/api-docs/swagger-ui.css"}
{"date":"2024-02-02T16:40:53.423Z","level":"info","message":"Request received","method":"GET","service":"user-service","url":"/api-docs/swagger-ui-bundle.js"}
{"date":"2024-02-02T16:40:53.428Z","level":"info","message":"Request received","method":"GET","service":"user-service","url":"/api-docs/swagger-ui-standalone-preset.js"}
{"date":"2024-02-02T16:40:53.431Z","level":"info","message":"Request received","method":"GET","service":"user-service","url":"/api-docs/swagger-ui-init.js"}
{"date":"2024-02-02T16:40:53.546Z","level":"info","message":"Request received","method":"GET","service":"user-service","url":"/api-docs/swagger-ui-init.js"}
{"date":"2024-02-02T16:40:53.578Z","level":"info","message":"Request received","method":"GET","service":"user-service","url":"/api-docs/swagger-ui-standalone-preset.js"}
{"date":"2024-02-02T16:40:53.589Z","level":"info","message":"Request received","method":"GET","service":"user-service","url":"/api-docs/swagger-ui-bundle.js"}
{"date":"2024-02-02T16:40:54.954Z","level":"info","message":"Request received","method":"GET","service":"user-service","url":"/api-docs/favicon-32x32.png"}
{"date":"2024-02-02T16:40:55.756Z","level":"info","message":"Request received","method":"GET","service":"user-service","url":"/api-docs/favicon-32x32.png"}
{"date":"2024-02-02T16:43:06.519Z","level":"info","message":"Request received","method":"POST","service":"user-service","url":"/auth/register"}
{"date":"2024-02-02T16:44:02.716Z","level":"info","message":"Request received","method":"POST","service":"user-service","url":"/auth/login"}
{"date":"2024-02-02T16:45:23.905Z","level":"info","message":"Request received","method":"POST","service":"user-service","url":"/auth/login"}
{"date":"2024-02-02T16:45:47.248Z","level":"info","message":"Request received","method":"POST","service":"user-service","url":"/category/add"}
{"date":"2024-02-02T16:46:07.833Z","level":"info","message":"Request received","method":"POST","service":"user-service","url":"/category/add"}
{"date":"2024-02-02T16:47:55.164Z","level":"info","message":"Request received","method":"POST","service":"user-service","url":"/category/add"}
{"date":"2024-02-02T16:47:55.609Z","level":"error","message":"Category Already exist","method":"POST","service":"user-service","url":"/add"}
{"date":"2024-02-02T16:48:09.186Z","level":"info","message":"Request received","method":"GET","service":"user-service","url":"/category/"}
{"date":"2024-02-02T16:49:05.868Z","level":"info","message":"Request received","method":"POST","service":"user-service","url":"/category/add"}
{"date":"2024-02-02T16:49:11.597Z","level":"info","message":"Request received","method":"GET","service":"user-service","url":"/category/"}
{"date":"2024-02-02T16:49:33.303Z","level":"info","message":"Request received","method":"GET","service":"user-service","url":"/category/65bd1c3bc3e497073f55f399"}
{"date":"2024-02-02T16:49:33.516Z","level":"error","message":"mongoose is not defined","method":"GET","service":"user-service","url":"/65bd1c3bc3e497073f55f399"}
{"date":"2024-02-02T16:50:08.492Z","level":"info","message":"Request received","method":"GET","service":"user-service","url":"/category/65bd1c3bc3e497073f55f399"}
{"date":"2024-02-02T16:50:42.663Z","level":"info","message":"Request received","method":"PUT","service":"user-service","url":"/category/65bd1c3bc3e497073f55f399"}
{"date":"2024-02-02T16:50:59.609Z","level":"info","message":"Request received","method":"POST","service":"user-service","url":"/category/add"}
{"date":"2024-02-02T16:51:00.012Z","level":"error","message":"Category Already exist","method":"POST","service":"user-service","url":"/add"}
{"date":"2024-02-02T16:51:07.546Z","level":"info","message":"Request received","method":"POST","service":"user-service","url":"/category/add"}
{"date":"2024-02-02T16:51:07.949Z","level":"error","message":"Category Already exist","method":"POST","service":"user-service","url":"/add"}
{"date":"2024-02-02T16:51:14.191Z","level":"info","message":"Request received","method":"POST","service":"user-service","url":"/category/add"}
{"date":"2024-02-02T16:51:14.597Z","level":"error","message":"Category Already exist","method":"POST","service":"user-service","url":"/add"}
{"date":"2024-02-02T16:51:17.416Z","level":"info","message":"Request received","method":"POST","service":"user-service","url":"/category/add"}
{"date":"2024-02-02T16:51:17.817Z","level":"error","message":"Category Already exist","method":"POST","service":"user-service","url":"/add"}
{"date":"2024-02-02T16:51:19.747Z","level":"info","message":"Request received","method":"POST","service":"user-service","url":"/category/add"}
{"date":"2024-02-02T16:51:20.145Z","level":"error","message":"Category Already exist","method":"POST","service":"user-service","url":"/add"}
{"date":"2024-02-02T16:51:49.985Z","level":"info","message":"Request received","method":"PUT","service":"user-service","url":"/category/65bd1c3bc3e497073f55f399"}
{"date":"2024-02-02T16:52:29.267Z","level":"info","message":"Request received","method":"GET","service":"user-service","url":"/transaction/"}
{"date":"2024-02-02T16:53:22.586Z","level":"info","message":"Request received","method":"POST","service":"user-service","url":"/transaction/"}
{"date":"2024-02-02T16:53:22.826Z","level":"error","message":"Invalid category Id","method":"POST","service":"user-service","url":"/"}
{"date":"2024-02-02T16:54:33.361Z","level":"info","message":"Request received","method":"POST","service":"user-service","url":"/transaction/"}
{"date":"2024-02-02T16:55:29.365Z","level":"info","message":"Request received","method":"GET","service":"user-service","url":"/api-docs/"}
{"date":"2024-02-02T16:55:29.463Z","level":"info","message":"Request received","method":"GET","service":"user-service","url":"/api-docs/swagger-ui.css"}
{"date":"2024-02-02T16:55:29.473Z","level":"info","message":"Request received","method":"GET","service":"user-service","url":"/api-docs/swagger-ui-standalone-preset.js"}
{"date":"2024-02-02T16:55:29.487Z","level":"info","message":"Request received","method":"GET","service":"user-service","url":"/api-docs/swagger-ui-init.js"}
{"date":"2024-02-02T16:55:29.499Z","level":"info","message":"Request received","method":"GET","service":"user-service","url":"/api-docs/swagger-ui-bundle.js"}
{"date":"2024-02-02T16:55:31.187Z","level":"info","message":"Request received","method":"GET","service":"user-service","url":"/api-docs/favicon-32x32.png"}
{"date":"2024-02-02T16:55:32.199Z","level":"info","message":"Request received","method":"GET","service":"user-service","url":"/api-docs/favicon-32x32.png"}
{"date":"2024-02-02T16:56:14.730Z","level":"info","message":"Request received","method":"GET","service":"user-service","url":"/api-docs/"}
{"date":"2024-02-02T16:56:14.891Z","level":"info","message":"Request received","method":"GET","service":"user-service","url":"/api-docs/swagger-ui.css"}
{"date":"2024-02-02T16:56:14.908Z","level":"info","message":"Request received","method":"GET","service":"user-service","url":"/api-docs/swagger-ui-bundle.js"}
{"date":"2024-02-02T16:56:14.932Z","level":"info","message":"Request received","method":"GET","service":"user-service","url":"/api-docs/swagger-ui-standalone-preset.js"}
{"date":"2024-02-02T16:56:14.943Z","level":"info","message":"Request received","method":"GET","service":"user-service","url":"/api-docs/swagger-ui-init.js"}
{"date":"2024-02-02T16:56:15.699Z","level":"info","message":"Request received","method":"GET","service":"user-service","url":"/api-docs/"}
{"date":"2024-02-02T16:56:16.127Z","level":"info","message":"Request received","method":"GET","service":"user-service","url":"/api-docs/swagger-ui.css"}
{"date":"2024-02-02T16:56:16.162Z","level":"info","message":"Request received","method":"GET","service":"user-service","url":"/api-docs/swagger-ui-bundle.js"}
{"date":"2024-02-02T16:56:16.181Z","level":"info","message":"Request received","method":"GET","service":"user-service","url":"/api-docs/swagger-ui-standalone-preset.js"}
{"date":"2024-02-02T16:56:16.184Z","level":"info","message":"Request received","method":"GET","service":"user-service","url":"/api-docs/swagger-ui-init.js"}
{"date":"2024-02-02T16:56:16.853Z","level":"info","message":"Request received","method":"GET","service":"user-service","url":"/api-docs/favicon-32x32.png"}
{"date":"2024-02-02T16:56:17.334Z","level":"info","message":"Request received","method":"GET","service":"user-service","url":"/api-docs/favicon-32x32.png"}
{"date":"2024-02-02T16:56:17.408Z","level":"info","message":"Request received","method":"GET","service":"user-service","url":"/api-docs/swagger-ui-init.js"}
{"date":"2024-02-02T16:56:17.617Z","level":"info","message":"Request received","method":"GET","service":"user-service","url":"/api-docs/swagger-ui-standalone-preset.js"}
{"date":"2024-02-02T16:56:20.196Z","level":"info","message":"Request received","method":"GET","service":"user-service","url":"/api-docs/swagger-ui-bundle.js"}
{"date":"2024-02-02T16:56:20.217Z","level":"info","message":"Request received","method":"GET","service":"user-service","url":"/api-docs/swagger-ui-init.js"}
{"date":"2024-02-02T16:56:20.245Z","level":"info","message":"Request received","method":"GET","service":"user-service","url":"/api-docs/swagger-ui-standalone-preset.js"}
{"date":"2024-02-02T16:56:20.248Z","level":"info","message":"Request received","method":"GET","service":"user-service","url":"/api-docs/swagger-ui-bundle.js"}
{"date":"2024-02-02T16:57:15.908Z","level":"info","message":"Request received","method":"POST","service":"user-service","url":"/transaction/65bd1b9a73400a0a6ede24d9"}
{"date":"2024-02-02T16:57:37.538Z","level":"info","message":"Request received","method":"POST","service":"user-service","url":"/transaction/64eac5ec3c1d46ecda260c44"}
{"date":"2024-02-02T16:57:58.661Z","level":"info","message":"Request received","method":"POST","service":"user-service","url":"/transaction/64eac5ec3c1d46ecda260c4"}
{"date":"2024-02-02T16:58:01.533Z","level":"info","message":"Request received","method":"POST","service":"user-service","url":"/transaction/64eac5ec3c1d46ecda260c4"}
{"date":"2024-02-02T16:58:09.641Z","level":"info","message":"Request received","method":"POST","service":"user-service","url":"/transaction/64eac5ec3c1d46ecda260c4"}
{"date":"2024-02-02T16:58:22.902Z","level":"info","message":"Request received","method":"POST","service":"user-service","url":"/transaction/65bd1c3bc3e497073f55f399"}
{"date":"2024-02-02T16:58:25.232Z","level":"info","message":"Request received","method":"POST","service":"user-service","url":"/transaction/65bd1c3bc3e497073f55f399"}
{"date":"2024-02-02T16:58:25.778Z","level":"info","message":"Request received","method":"POST","service":"user-service","url":"/transaction/65bd1c3bc3e497073f55f399"}
{"date":"2024-02-02T16:58:26.187Z","level":"info","message":"Request received","method":"POST","service":"user-service","url":"/transaction/65bd1c3bc3e497073f55f399"}
{"date":"2024-02-02T16:58:26.629Z","level":"info","message":"Request received","method":"POST","service":"user-service","url":"/transaction/65bd1c3bc3e497073f55f399"}
{"date":"2024-02-02T16:58:27.083Z","level":"info","message":"Request received","method":"POST","service":"user-service","url":"/transaction/65bd1c3bc3e497073f55f399"}
{"date":"2024-02-02T16:58:28.012Z","level":"info","message":"Request received","method":"POST","service":"user-service","url":"/transaction/65bd1c3bc3e497073f55f399"}
{"date":"2024-02-02T16:58:28.296Z","level":"info","message":"Request received","method":"POST","service":"user-service","url":"/transaction/65bd1c3bc3e497073f55f399"}
{"date":"2024-02-02T16:58:28.502Z","level":"info","message":"Request received","method":"POST","service":"user-service","url":"/transaction/65bd1c3bc3e497073f55f399"}
{"date":"2024-02-02T16:59:24.866Z","level":"info","message":"Request received","method":"POST","service":"user-service","url":"/transaction/65bd1c3bc3e497073f55f399"}
{"date":"2024-02-02T16:59:28.383Z","level":"info","message":"Request received","method":"POST","service":"user-service","url":"/transaction/65bd1c3bc3e497073f55f399"}
{"date":"2024-02-02T17:00:32.808Z","level":"info","message":"Request received","method":"POST","service":"user-service","url":"/auth/login"}
{"date":"2024-02-02T17:00:47.323Z","level":"info","message":"Request received","method":"POST","service":"user-service","url":"/transaction/65bd1c3bc3e497073f55f399"}
{"date":"2024-02-02T17:00:47.731Z","level":"error","message":"Enter valid amount","method":"POST","service":"user-service","url":"/65bd1c3bc3e497073f55f399"}
{"date":"2024-02-02T17:01:34.966Z","level":"info","message":"Request received","method":"POST","service":"user-service","url":"/transaction/65bd1c3bc3e497073f55f399"}
{"date":"2024-02-02T17:01:35.379Z","level":"error","message":"Expected a string but received a number","method":"POST","service":"user-service","url":"/65bd1c3bc3e497073f55f399"}
{"date":"2024-02-02T17:02:23.621Z","level":"info","message":"Request received","method":"GET","service":"user-service","url":"/api-docs/"}
{"date":"2024-02-02T17:02:23.717Z","level":"info","message":"Request received","method":"GET","service":"user-service","url":"/api-docs/swagger-ui.css"}
{"date":"2024-02-02T17:02:23.735Z","level":"info","message":"Request received","method":"GET","service":"user-service","url":"/api-docs/swagger-ui-bundle.js"}
{"date":"2024-02-02T17:02:23.757Z","level":"info","message":"Request received","method":"GET","service":"user-service","url":"/api-docs/swagger-ui-standalone-preset.js"}
{"date":"2024-02-02T17:02:23.764Z","level":"info","message":"Request received","method":"GET","service":"user-service","url":"/api-docs/swagger-ui-init.js"}
{"date":"2024-02-02T17:02:23.960Z","level":"info","message":"Request received","method":"GET","service":"user-service","url":"/api-docs/swagger-ui-init.js"}
{"date":"2024-02-02T17:02:23.989Z","level":"info","message":"Request received","method":"GET","service":"user-service","url":"/api-docs/swagger-ui-standalone-preset.js"}
{"date":"2024-02-02T17:02:24.070Z","level":"info","message":"Request received","method":"GET","service":"user-service","url":"/api-docs/swagger-ui-bundle.js"}
{"date":"2024-02-02T17:02:25.609Z","level":"info","message":"Request received","method":"GET","service":"user-service","url":"/api-docs/favicon-32x32.png"}
{"date":"2024-02-02T17:02:26.309Z","level":"info","message":"Request received","method":"GET","service":"user-service","url":"/api-docs/favicon-32x32.png"}
{"date":"2024-02-02T17:02:50.968Z","level":"info","message":"Request received","method":"POST","service":"user-service","url":"/transaction/65bd1c3bc3e497073f55f399"}
{"date":"2024-02-02T17:02:51.433Z","level":"error","message":"Enter valid amount","method":"POST","service":"user-service","url":"/65bd1c3bc3e497073f55f399"}
{"date":"2024-02-02T17:03:24.030Z","level":"info","message":"Request received","method":"POST","service":"user-service","url":"/transaction/65bd1c3bc3e497073f55f399"}
{"date":"2024-02-02T17:03:24.450Z","level":"error","message":"Enter valid amount","method":"POST","service":"user-service","url":"/65bd1c3bc3e497073f55f399"}
{"date":"2024-02-02T17:03:30.075Z","level":"info","message":"Request received","method":"POST","service":"user-service","url":"/transaction/65bd1c3bc3e497073f55f399"}
{"date":"2024-02-02T17:03:30.485Z","level":"error","message":"Expected a string but received a number","method":"POST","service":"user-service","url":"/65bd1c3bc3e497073f55f399"}
{"date":"2024-02-02T17:04:24.100Z","level":"info","message":"Request received","method":"POST","service":"user-service","url":"/transaction/65bd1c3bc3e497073f55f399"}
{"date":"2024-02-02T17:04:24.728Z","level":"error","message":"Wallet not found, first create wallet","method":"POST","service":"user-service","url":"/65bd1c3bc3e497073f55f399"}
{"date":"2024-02-02T17:05:15.215Z","level":"info","message":"Request received","method":"POST","service":"user-service","url":"/transaction/65bd1c3bc3e497073f55f399"}
{"date":"2024-02-02T17:05:15.940Z","level":"error","message":"Expected a string but received a number","method":"POST","service":"user-service","url":"/65bd1c3bc3e497073f55f399"}
{"date":"2024-02-02T17:10:48.012Z","level":"info","message":"Request received","method":"GET","service":"user-service","url":"/api-docs/"}
{"date":"2024-02-02T17:10:48.119Z","level":"info","message":"Request received","method":"GET","service":"user-service","url":"/api-docs/swagger-ui.css"}
{"date":"2024-02-02T17:10:48.126Z","level":"info","message":"Request received","method":"GET","service":"user-service","url":"/api-docs/swagger-ui-bundle.js"}
{"date":"2024-02-02T17:10:48.134Z","level":"info","message":"Request received","method":"GET","service":"user-service","url":"/api-docs/swagger-ui-standalone-preset.js"}
{"date":"2024-02-02T17:10:48.182Z","level":"info","message":"Request received","method":"GET","service":"user-service","url":"/api-docs/swagger-ui-init.js"}
{"date":"2024-02-02T17:10:49.935Z","level":"info","message":"Request received","method":"GET","service":"user-service","url":"/api-docs/favicon-32x32.png"}
{"date":"2024-02-02T17:10:51.065Z","level":"info","message":"Request received","method":"GET","service":"user-service","url":"/api-docs/favicon-32x32.png"}
{"date":"2024-02-02T17:11:28.139Z","level":"info","message":"Request received","method":"POST","service":"user-service","url":"/transaction/65bd1c3bc3e497073f55f399"}
{"date":"2024-02-02T17:11:28.575Z","level":"error","message":"Expected a string but received a number","method":"POST","service":"user-service","url":"/65bd1c3bc3e497073f55f399"}
{"date":"2024-02-02T17:11:46.179Z","level":"info","message":"Request received","method":"POST","service":"user-service","url":"/transaction/65bd1c3bc3e497073f55f399"}
{"date":"2024-02-02T17:11:46.585Z","level":"error","message":"Enter valid amount","method":"POST","service":"user-service","url":"/65bd1c3bc3e497073f55f399"}
{"date":"2024-02-02T17:11:57.063Z","level":"info","message":"Request received","method":"POST","service":"user-service","url":"/transaction/65bd1c3bc3e497073f55f399"}
{"date":"2024-02-02T17:11:57.475Z","level":"error","message":"Expected a string but received a number","method":"POST","service":"user-service","url":"/65bd1c3bc3e497073f55f399"}
{"date":"2024-02-02T17:14:16.354Z","level":"info","message":"Request received","method":"GET","service":"user-service","url":"/api-docs/"}
{"date":"2024-02-02T17:14:16.535Z","level":"info","message":"Request received","method":"GET","service":"user-service","url":"/api-docs/swagger-ui.css"}
{"date":"2024-02-02T17:14:16.545Z","level":"info","message":"Request received","method":"GET","service":"user-service","url":"/api-docs/swagger-ui-bundle.js"}
{"date":"2024-02-02T17:14:16.556Z","level":"info","message":"Request received","method":"GET","service":"user-service","url":"/api-docs/swagger-ui-standalone-preset.js"}
{"date":"2024-02-02T17:14:16.566Z","level":"info","message":"Request received","method":"GET","service":"user-service","url":"/api-docs/swagger-ui-init.js"}
{"date":"2024-02-02T17:14:16.752Z","level":"info","message":"Request received","method":"GET","service":"user-service","url":"/api-docs/swagger-ui-init.js"}
{"date":"2024-02-02T17:14:16.783Z","level":"info","message":"Request received","method":"GET","service":"user-service","url":"/api-docs/swagger-ui-standalone-preset.js"}
{"date":"2024-02-02T17:14:16.787Z","level":"info","message":"Request received","method":"GET","service":"user-service","url":"/api-docs/swagger-ui-bundle.js"}
{"date":"2024-02-02T17:14:18.324Z","level":"info","message":"Request received","method":"GET","service":"user-service","url":"/api-docs/favicon-32x32.png"}
{"date":"2024-02-02T17:14:19.225Z","level":"info","message":"Request received","method":"GET","service":"user-service","url":"/api-docs/favicon-32x32.png"}
{"date":"2024-02-02T17:14:27.465Z","level":"info","message":"Request received","method":"POST","service":"user-service","url":"/transaction/65bd1c3bc3e497073f55f399"}
{"date":"2024-02-02T17:14:27.877Z","level":"error","message":"Enter valid amount","method":"POST","service":"user-service","url":"/65bd1c3bc3e497073f55f399"}
{"date":"2024-02-02T17:14:51.996Z","level":"info","message":"Request received","method":"POST","service":"user-service","url":"/transaction/65bd1c3bc3e497073f55f399"}
{"date":"2024-02-02T17:14:52.399Z","level":"error","message":"Expected a string but received a number","method":"POST","service":"user-service","url":"/65bd1c3bc3e497073f55f399"}
{"date":"2024-02-02T17:15:03.268Z","level":"info","message":"Request received","method":"POST","service":"user-service","url":"/transaction/65bd1c3bc3e497073f55f399"}
{"date":"2024-02-02T17:15:03.905Z","level":"error","message":"Wallet not found, first create wallet","method":"POST","service":"user-service","url":"/65bd1c3bc3e497073f55f399"}
{"date":"2024-02-02T17:16:42.296Z","level":"info","message":"Request received","method":"GET","service":"user-service","url":"/api-docs/"}
{"date":"2024-02-02T17:16:42.396Z","level":"info","message":"Request received","method":"GET","service":"user-service","url":"/api-docs/swagger-ui.css"}
{"date":"2024-02-02T17:16:42.414Z","level":"info","message":"Request received","method":"GET","service":"user-service","url":"/api-docs/swagger-ui-bundle.js"}
{"date":"2024-02-02T17:16:42.424Z","level":"info","message":"Request received","method":"GET","service":"user-service","url":"/api-docs/swagger-ui-standalone-preset.js"}
{"date":"2024-02-02T17:16:42.445Z","level":"info","message":"Request received","method":"GET","service":"user-service","url":"/api-docs/swagger-ui-init.js"}
{"date":"2024-02-02T17:16:44.073Z","level":"info","message":"Request received","method":"GET","service":"user-service","url":"/api-docs/favicon-32x32.png"}
{"date":"2024-02-02T17:16:45.045Z","level":"info","message":"Request received","method":"GET","service":"user-service","url":"/api-docs/favicon-32x32.png"}
{"date":"2024-02-02T17:17:27.138Z","level":"info","message":"Request received","method":"GET","service":"user-service","url":"/api-docs/"}
{"date":"2024-02-02T17:17:27.210Z","level":"info","message":"Request received","method":"GET","service":"user-service","url":"/api-docs/swagger-ui.css"}
{"date":"2024-02-02T17:17:27.225Z","level":"info","message":"Request received","method":"GET","service":"user-service","url":"/api-docs/swagger-ui-bundle.js"}
{"date":"2024-02-02T17:17:27.234Z","level":"info","message":"Request received","method":"GET","service":"user-service","url":"/api-docs/swagger-ui-standalone-preset.js"}
{"date":"2024-02-02T17:17:27.241Z","level":"info","message":"Request received","method":"GET","service":"user-service","url":"/api-docs/swagger-ui-init.js"}
{"date":"2024-02-02T17:17:27.344Z","level":"info","message":"Request received","method":"GET","service":"user-service","url":"/api-docs/swagger-ui-init.js"}
{"date":"2024-02-02T17:17:27.347Z","level":"info","message":"Request received","method":"GET","service":"user-service","url":"/api-docs/swagger-ui-standalone-preset.js"}
{"date":"2024-02-02T17:17:27.350Z","level":"info","message":"Request received","method":"GET","service":"user-service","url":"/api-docs/swagger-ui-bundle.js"}
{"date":"2024-02-02T17:17:27.863Z","level":"info","message":"Request received","method":"GET","service":"user-service","url":"/api-docs/"}
{"date":"2024-02-02T17:17:27.949Z","level":"info","message":"Request received","method":"GET","service":"user-service","url":"/api-docs/favicon-32x32.png"}
{"date":"2024-02-02T17:17:28.005Z","level":"info","message":"Request received","method":"GET","service":"user-service","url":"/api-docs/swagger-ui.css"}
{"date":"2024-02-02T17:17:28.008Z","level":"info","message":"Request received","method":"GET","service":"user-service","url":"/api-docs/swagger-ui-bundle.js"}
{"date":"2024-02-02T17:17:28.010Z","level":"info","message":"Request received","method":"GET","service":"user-service","url":"/api-docs/swagger-ui-standalone-preset.js"}
{"date":"2024-02-02T17:17:28.013Z","level":"info","message":"Request received","method":"GET","service":"user-service","url":"/api-docs/swagger-ui-init.js"}
{"date":"2024-02-02T17:17:28.091Z","level":"info","message":"Request received","method":"GET","service":"user-service","url":"/api-docs/"}
{"date":"2024-02-02T17:17:28.356Z","level":"info","message":"Request received","method":"GET","service":"user-service","url":"/api-docs/swagger-ui.css"}
{"date":"2024-02-02T17:17:28.362Z","level":"info","message":"Request received","method":"GET","service":"user-service","url":"/api-docs/swagger-ui-bundle.js"}
{"date":"2024-02-02T17:17:28.389Z","level":"info","message":"Request received","method":"GET","service":"user-service","url":"/api-docs/swagger-ui-standalone-preset.js"}
{"date":"2024-02-02T17:17:28.394Z","level":"info","message":"Request received","method":"GET","service":"user-service","url":"/api-docs/swagger-ui-init.js"}
{"date":"2024-02-02T17:17:28.856Z","level":"info","message":"Request received","method":"GET","service":"user-service","url":"/api-docs/"}
{"date":"2024-02-02T17:17:28.971Z","level":"info","message":"Request received","method":"GET","service":"user-service","url":"/api-docs/"}
{"date":"2024-02-02T17:17:29.115Z","level":"info","message":"Request received","method":"GET","service":"user-service","url":"/api-docs/swagger-ui.css"}
{"date":"2024-02-02T17:17:29.121Z","level":"info","message":"Request received","method":"GET","service":"user-service","url":"/api-docs/swagger-ui-bundle.js"}
{"date":"2024-02-02T17:17:29.123Z","level":"info","message":"Request received","method":"GET","service":"user-service","url":"/api-docs/swagger-ui-standalone-preset.js"}
{"date":"2024-02-02T17:17:29.125Z","level":"info","message":"Request received","method":"GET","service":"user-service","url":"/api-docs/swagger-ui-init.js"}
{"date":"2024-02-02T17:17:29.621Z","level":"info","message":"Request received","method":"GET","service":"user-service","url":"/api-docs/favicon-32x32.png"}
{"date":"2024-02-02T17:17:30.278Z","level":"info","message":"Request received","method":"GET","service":"user-service","url":"/api-docs/favicon-32x32.png"}
{"date":"2024-02-02T17:17:30.712Z","level":"info","message":"Request received","method":"GET","service":"user-service","url":"/api-docs/swagger-ui-init.js"}
{"date":"2024-02-02T17:17:30.716Z","level":"info","message":"Request received","method":"GET","service":"user-service","url":"/api-docs/swagger-ui-standalone-preset.js"}
{"date":"2024-02-02T17:17:30.718Z","level":"info","message":"Request received","method":"GET","service":"user-service","url":"/api-docs/swagger-ui-bundle.js"}
{"date":"2024-02-02T17:17:30.720Z","level":"info","message":"Request received","method":"GET","service":"user-service","url":"/api-docs/swagger-ui-init.js"}
{"date":"2024-02-02T17:17:30.725Z","level":"info","message":"Request received","method":"GET","service":"user-service","url":"/api-docs/swagger-ui-standalone-preset.js"}
{"date":"2024-02-02T17:17:30.728Z","level":"info","message":"Request received","method":"GET","service":"user-service","url":"/api-docs/swagger-ui-bundle.js"}
{"date":"2024-02-02T17:17:30.737Z","level":"info","message":"Request received","method":"GET","service":"user-service","url":"/api-docs/swagger-ui-init.js"}
{"date":"2024-02-02T17:22:35.186Z","level":"info","message":"Request received","method":"GET","service":"user-service","url":"/api-docs/"}
{"date":"2024-02-02T17:22:35.277Z","level":"info","message":"Request received","method":"GET","service":"user-service","url":"/api-docs/swagger-ui.css"}
{"date":"2024-02-02T17:22:35.289Z","level":"info","message":"Request received","method":"GET","service":"user-service","url":"/api-docs/swagger-ui-init.js"}
{"date":"2024-02-02T17:22:35.315Z","level":"info","message":"Request received","method":"GET","service":"user-service","url":"/api-docs/swagger-ui-standalone-preset.js"}
{"date":"2024-02-02T17:22:35.332Z","level":"info","message":"Request received","method":"GET","service":"user-service","url":"/api-docs/swagger-ui-bundle.js"}
{"date":"2024-02-02T17:22:36.218Z","level":"info","message":"Request received","method":"GET","service":"user-service","url":"/api-docs/favicon-32x32.png"}
{"date":"2024-02-02T17:22:36.674Z","level":"info","message":"Request received","method":"GET","service":"user-service","url":"/api-docs/favicon-32x32.png"}
{"date":"2024-02-02T17:26:46.588Z","level":"info","message":"Request received","method":"GET","service":"user-service","url":"/api-docs/"}
{"date":"2024-02-02T17:26:51.221Z","level":"info","message":"Request received","method":"GET","service":"user-service","url":"/api-docs/"}
{"date":"2024-02-02T17:26:51.376Z","level":"info","message":"Request received","method":"GET","service":"user-service","url":"/api-docs/swagger-ui.css"}
{"date":"2024-02-02T17:26:51.380Z","level":"info","message":"Request received","method":"GET","service":"user-service","url":"/api-docs/swagger-ui-bundle.js"}
{"date":"2024-02-02T17:26:51.390Z","level":"info","message":"Request received","method":"GET","service":"user-service","url":"/api-docs/swagger-ui-standalone-preset.js"}
{"date":"2024-02-02T17:26:51.401Z","level":"info","message":"Request received","method":"GET","service":"user-service","url":"/api-docs/swagger-ui-init.js"}
{"date":"2024-02-02T17:26:52.789Z","level":"info","message":"Request received","method":"GET","service":"user-service","url":"/api-docs/"}
{"date":"2024-02-02T17:26:52.875Z","level":"info","message":"Request received","method":"GET","service":"user-service","url":"/api-docs/swagger-ui.css"}
{"date":"2024-02-02T17:26:52.879Z","level":"info","message":"Request received","method":"GET","service":"user-service","url":"/api-docs/swagger-ui-bundle.js"}
{"date":"2024-02-02T17:26:52.886Z","level":"info","message":"Request received","method":"GET","service":"user-service","url":"/api-docs/swagger-ui-standalone-preset.js"}
{"date":"2024-02-02T17:26:52.895Z","level":"info","message":"Request received","method":"GET","service":"user-service","url":"/api-docs/swagger-ui-init.js"}
{"date":"2024-02-02T17:26:53.335Z","level":"info","message":"Request received","method":"GET","service":"user-service","url":"/api-docs/favicon-32x32.png"}
{"date":"2024-02-02T17:26:54.409Z","level":"info","message":"Request received","method":"GET","service":"user-service","url":"/api-docs/favicon-32x32.png"}
{"date":"2024-02-02T17:27:30.011Z","level":"info","message":"Request received","method":"GET","service":"user-service","url":"/api-docs/"}
{"date":"2024-02-02T17:27:30.210Z","level":"info","message":"Request received","method":"GET","service":"user-service","url":"/api-docs/swagger-ui.css"}
{"date":"2024-02-02T17:27:30.213Z","level":"info","message":"Request received","method":"GET","service":"user-service","url":"/api-docs/swagger-ui-bundle.js"}
{"date":"2024-02-02T17:27:30.217Z","level":"info","message":"Request received","method":"GET","service":"user-service","url":"/api-docs/swagger-ui-standalone-preset.js"}
{"date":"2024-02-02T17:27:30.223Z","level":"info","message":"Request received","method":"GET","service":"user-service","url":"/api-docs/swagger-ui-init.js"}
{"date":"2024-02-02T17:27:30.535Z","level":"info","message":"Request received","method":"GET","service":"user-service","url":"/api-docs/favicon-32x32.png"}
{"date":"2024-02-02T17:27:30.978Z","level":"info","message":"Request received","method":"GET","service":"user-service","url":"/api-docs/favicon-32x32.png"}
{"date":"2024-02-02T17:29:07.134Z","level":"info","message":"Request received","method":"GET","service":"user-service","url":"/api-docs/"}
{"date":"2024-02-02T17:29:07.259Z","level":"info","message":"Request received","method":"GET","service":"user-service","url":"/api-docs/swagger-ui.css"}
{"date":"2024-02-02T17:29:07.280Z","level":"info","message":"Request received","method":"GET","service":"user-service","url":"/api-docs/swagger-ui-bundle.js"}
{"date":"2024-02-02T17:29:07.287Z","level":"info","message":"Request received","method":"GET","service":"user-service","url":"/api-docs/swagger-ui-standalone-preset.js"}
{"date":"2024-02-02T17:29:07.289Z","level":"info","message":"Request received","method":"GET","service":"user-service","url":"/api-docs/swagger-ui-init.js"}
{"date":"2024-02-02T17:29:07.944Z","level":"info","message":"Request received","method":"GET","service":"user-service","url":"/api-docs/favicon-32x32.png"}
{"date":"2024-02-02T17:29:08.513Z","level":"info","message":"Request received","method":"GET","service":"user-service","url":"/api-docs/favicon-32x32.png"}
{"date":"2024-02-02T17:29:57.085Z","level":"info","message":"Request received","method":"GET","service":"user-service","url":"/api-docs/"}
{"date":"2024-02-02T17:29:57.491Z","level":"info","message":"Request received","method":"GET","service":"user-service","url":"/api-docs/swagger-ui.css"}
{"date":"2024-02-02T17:29:57.503Z","level":"info","message":"Request received","method":"GET","service":"user-service","url":"/api-docs/swagger-ui-bundle.js"}
{"date":"2024-02-02T17:29:57.507Z","level":"info","message":"Request received","method":"GET","service":"user-service","url":"/api-docs/swagger-ui-standalone-preset.js"}
{"date":"2024-02-02T17:29:57.511Z","level":"info","message":"Request received","method":"GET","service":"user-service","url":"/api-docs/swagger-ui-init.js"}
{"date":"2024-02-02T17:29:58.020Z","level":"info","message":"Request received","method":"GET","service":"user-service","url":"/api-docs/favicon-32x32.png"}
{"date":"2024-02-02T17:29:58.475Z","level":"info","message":"Request received","method":"GET","service":"user-service","url":"/api-docs/favicon-32x32.png"}
{"date":"2024-02-02T17:31:06.524Z","level":"info","message":"Request received","method":"GET","service":"user-service","url":"/api-docs/"}
{"date":"2024-02-02T17:31:06.688Z","level":"info","message":"Request received","method":"GET","service":"user-service","url":"/api-docs/swagger-ui.css"}
{"date":"2024-02-02T17:31:06.694Z","level":"info","message":"Request received","method":"GET","service":"user-service","url":"/api-docs/swagger-ui-bundle.js"}
{"date":"2024-02-02T17:31:06.707Z","level":"info","message":"Request received","method":"GET","service":"user-service","url":"/api-docs/swagger-ui-init.js"}
{"date":"2024-02-02T17:31:06.717Z","level":"info","message":"Request received","method":"GET","service":"user-service","url":"/api-docs/swagger-ui-standalone-preset.js"}
{"date":"2024-02-02T17:31:07.350Z","level":"info","message":"Request received","method":"GET","service":"user-service","url":"/api-docs/favicon-32x32.png"}
{"date":"2024-02-02T17:31:07.907Z","level":"info","message":"Request received","method":"GET","service":"user-service","url":"/api-docs/favicon-32x32.png"}
{"date":"2024-02-02T17:31:41.936Z","level":"info","message":"Request received","method":"GET","service":"user-service","url":"/api-docs/"}
{"date":"2024-02-02T17:31:41.997Z","level":"info","message":"Request received","method":"GET","service":"user-service","url":"/api-docs/swagger-ui.css"}
{"date":"2024-02-02T17:31:42.004Z","level":"info","message":"Request received","method":"GET","service":"user-service","url":"/api-docs/swagger-ui-bundle.js"}
{"date":"2024-02-02T17:31:42.028Z","level":"info","message":"Request received","method":"GET","service":"user-service","url":"/api-docs/swagger-ui-standalone-preset.js"}
{"date":"2024-02-02T17:31:42.030Z","level":"info","message":"Request received","method":"GET","service":"user-service","url":"/api-docs/swagger-ui-init.js"}
{"date":"2024-02-02T17:31:42.531Z","level":"info","message":"Request received","method":"GET","service":"user-service","url":"/api-docs/favicon-32x32.png"}
{"date":"2024-02-02T17:31:42.991Z","level":"info","message":"Request received","method":"GET","service":"user-service","url":"/api-docs/favicon-32x32.png"}
{"date":"2024-02-02T17:33:00.647Z","level":"info","message":"Request received","method":"GET","service":"user-service","url":"/api-docs/"}
{"date":"2024-02-02T17:33:00.743Z","level":"info","message":"Request received","method":"GET","service":"user-service","url":"/api-docs/swagger-ui.css"}
{"date":"2024-02-02T17:33:00.750Z","level":"info","message":"Request received","method":"GET","service":"user-service","url":"/api-docs/swagger-ui-bundle.js"}
{"date":"2024-02-02T17:33:00.761Z","level":"info","message":"Request received","method":"GET","service":"user-service","url":"/api-docs/swagger-ui-standalone-preset.js"}
{"date":"2024-02-02T17:33:00.775Z","level":"info","message":"Request received","method":"GET","service":"user-service","url":"/api-docs/swagger-ui-init.js"}
{"date":"2024-02-02T17:33:01.402Z","level":"info","message":"Request received","method":"GET","service":"user-service","url":"/api-docs/favicon-32x32.png"}
{"date":"2024-02-02T17:33:01.943Z","level":"info","message":"Request received","method":"GET","service":"user-service","url":"/api-docs/favicon-32x32.png"}
{"date":"2024-02-02T17:33:29.621Z","level":"info","message":"Request received","method":"GET","service":"user-service","url":"/api-docs/"}
{"date":"2024-02-02T17:33:29.952Z","level":"info","message":"Request received","method":"GET","service":"user-service","url":"/api-docs/swagger-ui.css"}
{"date":"2024-02-02T17:33:29.982Z","level":"info","message":"Request received","method":"GET","service":"user-service","url":"/api-docs/swagger-ui-bundle.js"}
{"date":"2024-02-02T17:33:30.007Z","level":"info","message":"Request received","method":"GET","service":"user-service","url":"/api-docs/swagger-ui-init.js"}
{"date":"2024-02-02T17:33:30.023Z","level":"info","message":"Request received","method":"GET","service":"user-service","url":"/api-docs/swagger-ui-standalone-preset.js"}
{"date":"2024-02-02T17:33:30.543Z","level":"info","message":"Request received","method":"GET","service":"user-service","url":"/api-docs/favicon-32x32.png"}
{"date":"2024-02-02T17:33:31.029Z","level":"info","message":"Request received","method":"GET","service":"user-service","url":"/api-docs/favicon-32x32.png"}
{"date":"2024-02-02T17:33:51.986Z","level":"info","message":"Request received","method":"GET","service":"user-service","url":"/api-docs/"}
{"date":"2024-02-02T17:33:52.224Z","level":"info","message":"Request received","method":"GET","service":"user-service","url":"/api-docs/swagger-ui.css"}
{"date":"2024-02-02T17:33:52.239Z","level":"info","message":"Request received","method":"GET","service":"user-service","url":"/api-docs/swagger-ui-bundle.js"}
{"date":"2024-02-02T17:33:52.263Z","level":"info","message":"Request received","method":"GET","service":"user-service","url":"/api-docs/swagger-ui-standalone-preset.js"}
{"date":"2024-02-02T17:33:52.279Z","level":"info","message":"Request received","method":"GET","service":"user-service","url":"/api-docs/swagger-ui-init.js"}
{"date":"2024-02-02T17:33:52.654Z","level":"info","message":"Request received","method":"GET","service":"user-service","url":"/api-docs/favicon-32x32.png"}
{"date":"2024-02-02T17:33:53.129Z","level":"info","message":"Request received","method":"GET","service":"user-service","url":"/api-docs/favicon-32x32.png"}
{"date":"2024-02-02T17:34:28.256Z","level":"info","message":"Request received","method":"GET","service":"user-service","url":"/api-docs/"}
{"date":"2024-02-02T17:34:29.277Z","level":"info","message":"Request received","method":"GET","service":"user-service","url":"/api-docs/swagger-ui.css"}
{"date":"2024-02-02T17:34:29.350Z","level":"info","message":"Request received","method":"GET","service":"user-service","url":"/api-docs/swagger-ui-bundle.js"}
{"date":"2024-02-02T17:34:29.391Z","level":"info","message":"Request received","method":"GET","service":"user-service","url":"/api-docs/swagger-ui-standalone-preset.js"}
{"date":"2024-02-02T17:34:29.400Z","level":"info","message":"Request received","method":"GET","service":"user-service","url":"/api-docs/swagger-ui-init.js"}
{"date":"2024-02-02T17:34:29.907Z","level":"info","message":"Request received","method":"GET","service":"user-service","url":"/api-docs/"}
{"date":"2024-02-02T17:34:30.119Z","level":"info","message":"Request received","method":"GET","service":"user-service","url":"/api-docs/swagger-ui.css"}
{"date":"2024-02-02T17:34:30.129Z","level":"info","message":"Request received","method":"GET","service":"user-service","url":"/api-docs/swagger-ui-bundle.js"}
{"date":"2024-02-02T17:34:30.131Z","level":"info","message":"Request received","method":"GET","service":"user-service","url":"/api-docs/swagger-ui-standalone-preset.js"}
{"date":"2024-02-02T17:34:30.135Z","level":"info","message":"Request received","method":"GET","service":"user-service","url":"/api-docs/swagger-ui-init.js"}
{"date":"2024-02-02T17:34:31.256Z","level":"info","message":"Request received","method":"GET","service":"user-service","url":"/api-docs/favicon-32x32.png"}
{"date":"2024-02-02T17:34:32.445Z","level":"info","message":"Request received","method":"GET","service":"user-service","url":"/api-docs/favicon-32x32.png"}
{"date":"2024-02-02T17:35:19.209Z","level":"info","message":"Request received","method":"GET","service":"user-service","url":"/api-docs/"}
{"date":"2024-02-02T17:35:19.483Z","level":"info","message":"Request received","method":"GET","service":"user-service","url":"/api-docs/swagger-ui.css"}
{"date":"2024-02-02T17:35:19.487Z","level":"info","message":"Request received","method":"GET","service":"user-service","url":"/api-docs/swagger-ui-bundle.js"}
{"date":"2024-02-02T17:35:19.489Z","level":"info","message":"Request received","method":"GET","service":"user-service","url":"/api-docs/swagger-ui-standalone-preset.js"}
{"date":"2024-02-02T17:35:19.492Z","level":"info","message":"Request received","method":"GET","service":"user-service","url":"/api-docs/swagger-ui-init.js"}
{"date":"2024-02-02T17:35:19.932Z","level":"info","message":"Request received","method":"GET","service":"user-service","url":"/api-docs/favicon-32x32.png"}
{"date":"2024-02-02T17:35:20.437Z","level":"info","message":"Request received","method":"GET","service":"user-service","url":"/api-docs/favicon-32x32.png"}
{"date":"2024-02-02T17:35:44.195Z","level":"info","message":"Request received","method":"GET","service":"user-service","url":"/api-docs/"}
{"date":"2024-02-02T17:35:46.665Z","level":"info","message":"Request received","method":"GET","service":"user-service","url":"/api-docs/swagger-ui.css"}
{"date":"2024-02-02T17:35:46.686Z","level":"info","message":"Request received","method":"GET","service":"user-service","url":"/api-docs/swagger-ui-bundle.js"}
{"date":"2024-02-02T17:35:46.785Z","level":"info","message":"Request received","method":"GET","service":"user-service","url":"/api-docs/swagger-ui-standalone-preset.js"}
{"date":"2024-02-02T17:35:46.874Z","level":"info","message":"Request received","method":"GET","service":"user-service","url":"/api-docs/swagger-ui-init.js"}
{"date":"2024-02-02T17:35:47.997Z","level":"info","message":"Request received","method":"GET","service":"user-service","url":"/api-docs/favicon-32x32.png"}
{"date":"2024-02-02T17:35:48.457Z","level":"info","message":"Request received","method":"GET","service":"user-service","url":"/api-docs/favicon-32x32.png"}
{"date":"2024-02-02T17:37:00.473Z","level":"info","message":"Request received","method":"GET","service":"user-service","url":"/api-docs/"}
{"date":"2024-02-02T17:37:00.719Z","level":"info","message":"Request received","method":"GET","service":"user-service","url":"/api-docs/swagger-ui.css"}
{"date":"2024-02-02T17:37:00.747Z","level":"info","message":"Request received","method":"GET","service":"user-service","url":"/api-docs/swagger-ui-bundle.js"}
{"date":"2024-02-02T17:37:00.778Z","level":"info","message":"Request received","method":"GET","service":"user-service","url":"/api-docs/swagger-ui-standalone-preset.js"}
{"date":"2024-02-02T17:37:00.787Z","level":"info","message":"Request received","method":"GET","service":"user-service","url":"/api-docs/swagger-ui-init.js"}
{"date":"2024-02-02T17:37:02.775Z","level":"info","message":"Request received","method":"GET","service":"user-service","url":"/api-docs/favicon-32x32.png"}
{"date":"2024-02-02T17:37:03.945Z","level":"info","message":"Request received","method":"GET","service":"user-service","url":"/api-docs/favicon-32x32.png"}
{"date":"2024-02-02T17:41:03.807Z","level":"info","message":"Request received","method":"GET","service":"user-service","url":"/api-docs/"}
{"date":"2024-02-02T17:41:03.925Z","level":"info","message":"Request received","method":"GET","service":"user-service","url":"/api-docs/swagger-ui-bundle.js"}
{"date":"2024-02-02T17:41:03.929Z","level":"info","message":"Request received","method":"GET","service":"user-service","url":"/api-docs/swagger-ui.css"}
{"date":"2024-02-02T17:41:03.934Z","level":"info","message":"Request received","method":"GET","service":"user-service","url":"/api-docs/swagger-ui-standalone-preset.js"}
{"date":"2024-02-02T17:41:03.945Z","level":"info","message":"Request received","method":"GET","service":"user-service","url":"/api-docs/swagger-ui-init.js"}
{"date":"2024-02-02T17:41:05.319Z","level":"info","message":"Request received","method":"GET","service":"user-service","url":"/api-docs/favicon-32x32.png"}
{"date":"2024-02-02T17:41:06.289Z","level":"info","message":"Request received","method":"GET","service":"user-service","url":"/api-docs/favicon-32x32.png"}
{"date":"2024-02-02T17:43:33.196Z","level":"info","message":"Request received","method":"GET","service":"user-service","url":"/api-docs/"}
{"date":"2024-02-02T17:43:33.306Z","level":"info","message":"Request received","method":"GET","service":"user-service","url":"/api-docs/swagger-ui.css"}
{"date":"2024-02-02T17:43:33.314Z","level":"info","message":"Request received","method":"GET","service":"user-service","url":"/api-docs/swagger-ui-bundle.js"}
{"date":"2024-02-02T17:43:33.323Z","level":"info","message":"Request received","method":"GET","service":"user-service","url":"/api-docs/swagger-ui-standalone-preset.js"}
{"date":"2024-02-02T17:43:33.332Z","level":"info","message":"Request received","method":"GET","service":"user-service","url":"/api-docs/swagger-ui-init.js"}
{"date":"2024-02-02T17:43:35.284Z","level":"info","message":"Request received","method":"GET","service":"user-service","url":"/api-docs/favicon-32x32.png"}
{"date":"2024-02-02T17:43:36.935Z","level":"info","message":"Request received","method":"GET","service":"user-service","url":"/api-docs/favicon-32x32.png"}
{"date":"2024-02-02T17:44:57.547Z","level":"info","message":"Request received","method":"GET","service":"user-service","url":"/api-docs/"}
{"date":"2024-02-02T17:44:57.654Z","level":"info","message":"Request received","method":"GET","service":"user-service","url":"/api-docs/swagger-ui.css"}
{"date":"2024-02-02T17:44:57.677Z","level":"info","message":"Request received","method":"GET","service":"user-service","url":"/api-docs/swagger-ui-bundle.js"}
{"date":"2024-02-02T17:44:57.688Z","level":"info","message":"Request received","method":"GET","service":"user-service","url":"/api-docs/swagger-ui-standalone-preset.js"}
{"date":"2024-02-02T17:44:57.691Z","level":"info","message":"Request received","method":"GET","service":"user-service","url":"/api-docs/swagger-ui-init.js"}
{"date":"2024-02-02T17:44:58.247Z","level":"info","message":"Request received","method":"GET","service":"user-service","url":"/api-docs/favicon-32x32.png"}
{"date":"2024-02-02T17:44:58.830Z","level":"info","message":"Request received","method":"GET","service":"user-service","url":"/api-docs/favicon-32x32.png"}
{"date":"2024-02-02T17:46:06.247Z","level":"info","message":"Request received","method":"GET","service":"user-service","url":"/api-docs/"}
{"date":"2024-02-02T17:46:06.659Z","level":"info","message":"Request received","method":"GET","service":"user-service","url":"/api-docs/swagger-ui.css"}
{"date":"2024-02-02T17:46:06.673Z","level":"info","message":"Request received","method":"GET","service":"user-service","url":"/api-docs/swagger-ui-bundle.js"}
{"date":"2024-02-02T17:46:06.708Z","level":"info","message":"Request received","method":"GET","service":"user-service","url":"/api-docs/swagger-ui-standalone-preset.js"}
{"date":"2024-02-02T17:46:06.713Z","level":"info","message":"Request received","method":"GET","service":"user-service","url":"/api-docs/swagger-ui-init.js"}
{"date":"2024-02-02T17:46:07.099Z","level":"info","message":"Request received","method":"GET","service":"user-service","url":"/api-docs/favicon-32x32.png"}
{"date":"2024-02-02T17:46:07.731Z","level":"info","message":"Request received","method":"GET","service":"user-service","url":"/api-docs/favicon-32x32.png"}
{"date":"2024-02-02T17:46:50.243Z","level":"info","message":"Request received","method":"GET","service":"user-service","url":"/api-docs/"}
{"date":"2024-02-02T17:46:50.331Z","level":"info","message":"Request received","method":"GET","service":"user-service","url":"/api-docs/swagger-ui.css"}
{"date":"2024-02-02T17:46:50.337Z","level":"info","message":"Request received","method":"GET","service":"user-service","url":"/api-docs/swagger-ui-bundle.js"}
{"date":"2024-02-02T17:46:50.345Z","level":"info","message":"Request received","method":"GET","service":"user-service","url":"/api-docs/swagger-ui-standalone-preset.js"}
{"date":"2024-02-02T17:46:50.348Z","level":"info","message":"Request received","method":"GET","service":"user-service","url":"/api-docs/swagger-ui-init.js"}
{"date":"2024-02-02T17:46:52.004Z","level":"info","message":"Request received","method":"GET","service":"user-service","url":"/api-docs/favicon-32x32.png"}
{"date":"2024-02-02T17:46:52.963Z","level":"info","message":"Request received","method":"GET","service":"user-service","url":"/api-docs/favicon-32x32.png"}
{"date":"2024-02-02T17:47:45.947Z","level":"info","message":"Request received","method":"GET","service":"user-service","url":"/api-docs/"}
{"date":"2024-02-02T17:47:46.042Z","level":"info","message":"Request received","method":"GET","service":"user-service","url":"/api-docs/swagger-ui.css"}
{"date":"2024-02-02T17:47:46.077Z","level":"info","message":"Request received","method":"GET","service":"user-service","url":"/api-docs/swagger-ui-bundle.js"}
{"date":"2024-02-02T17:47:46.085Z","level":"info","message":"Request received","method":"GET","service":"user-service","url":"/api-docs/swagger-ui-standalone-preset.js"}
{"date":"2024-02-02T17:47:46.097Z","level":"info","message":"Request received","method":"GET","service":"user-service","url":"/api-docs/swagger-ui-init.js"}
{"date":"2024-02-02T17:47:46.781Z","level":"info","message":"Request received","method":"GET","service":"user-service","url":"/api-docs/favicon-32x32.png"}
{"date":"2024-02-02T17:47:47.398Z","level":"info","message":"Request received","method":"GET","service":"user-service","url":"/api-docs/favicon-32x32.png"}
{"date":"2024-02-02T17:47:49.672Z","level":"info","message":"Request received","method":"GET","service":"user-service","url":"/api-docs/"}
{"date":"2024-02-02T17:47:49.739Z","level":"info","message":"Request received","method":"GET","service":"user-service","url":"/api-docs/swagger-ui.css"}
{"date":"2024-02-02T17:47:49.743Z","level":"info","message":"Request received","method":"GET","service":"user-service","url":"/api-docs/swagger-ui-bundle.js"}
{"date":"2024-02-02T17:47:49.747Z","level":"info","message":"Request received","method":"GET","service":"user-service","url":"/api-docs/swagger-ui-standalone-preset.js"}
{"date":"2024-02-02T17:47:49.753Z","level":"info","message":"Request received","method":"GET","service":"user-service","url":"/api-docs/swagger-ui-init.js"}
{"date":"2024-02-02T17:47:50.223Z","level":"info","message":"Request received","method":"GET","service":"user-service","url":"/api-docs/favicon-32x32.png"}
{"date":"2024-02-02T17:47:50.648Z","level":"info","message":"Request received","method":"GET","service":"user-service","url":"/api-docs/favicon-32x32.png"}
{"date":"2024-02-02T17:47:52.896Z","level":"info","message":"Request received","method":"GET","service":"user-service","url":"/api-docs/"}
{"date":"2024-02-02T17:47:52.962Z","level":"info","message":"Request received","method":"GET","service":"user-service","url":"/api-docs/swagger-ui.css"}
{"date":"2024-02-02T17:47:52.964Z","level":"info","message":"Request received","method":"GET","service":"user-service","url":"/api-docs/swagger-ui-bundle.js"}
{"date":"2024-02-02T17:47:52.966Z","level":"info","message":"Request received","method":"GET","service":"user-service","url":"/api-docs/swagger-ui-standalone-preset.js"}
{"date":"2024-02-02T17:47:52.969Z","level":"info","message":"Request received","method":"GET","service":"user-service","url":"/api-docs/swagger-ui-init.js"}
{"date":"2024-02-02T17:47:53.406Z","level":"info","message":"Request received","method":"GET","service":"user-service","url":"/api-docs/favicon-32x32.png"}
{"date":"2024-02-02T17:47:53.829Z","level":"info","message":"Request received","method":"GET","service":"user-service","url":"/api-docs/favicon-32x32.png"}
{"date":"2024-02-02T17:52:42.004Z","level":"info","message":"Request received","method":"GET","service":"user-service","url":"/api-docs/"}
{"date":"2024-02-02T17:52:42.117Z","level":"info","message":"Request received","method":"GET","service":"user-service","url":"/api-docs/swagger-ui.css"}
{"date":"2024-02-02T17:52:42.123Z","level":"info","message":"Request received","method":"GET","service":"user-service","url":"/api-docs/swagger-ui-standalone-preset.js"}
{"date":"2024-02-02T17:52:42.180Z","level":"info","message":"Request received","method":"GET","service":"user-service","url":"/api-docs/swagger-ui-bundle.js"}
{"date":"2024-02-02T17:52:42.198Z","level":"info","message":"Request received","method":"GET","service":"user-service","url":"/api-docs/swagger-ui-init.js"}
{"date":"2024-02-02T17:52:43.496Z","level":"info","message":"Request received","method":"GET","service":"user-service","url":"/api-docs/favicon-32x32.png"}
{"date":"2024-02-02T17:52:44.135Z","level":"info","message":"Request received","method":"GET","service":"user-service","url":"/api-docs/favicon-32x32.png"}
{"date":"2024-02-02T17:54:20.786Z","level":"info","message":"Request received","method":"POST","service":"user-service","url":"/user/wallet"}
{"date":"2024-02-02T17:54:21.049Z","level":"error","message":"Expected a string but received a number","method":"POST","service":"user-service","url":"/wallet"}
{"date":"2024-02-02T17:56:09.871Z","level":"info","message":"Request received","method":"POST","service":"user-service","url":"/user/wallet"}
{"date":"2024-02-02T17:56:10.840Z","level":"error","message":"FieldPath field names may not start with '$'. Consider using $getField or $setField.","method":"POST","service":"user-service","url":"/wallet"}
{"date":"2024-02-02T17:59:25.978Z","level":"info","message":"Request received","method":"POST","service":"user-service","url":"/user/wallet"}
{"date":"2024-02-02T17:59:58.283Z","level":"info","message":"Request received","method":"GET","service":"user-service","url":"/user/wallet"}
{"date":"2024-02-02T18:00:14.781Z","level":"info","message":"Request received","method":"POST","service":"user-service","url":"/user/wallet"}
{"date":"2024-02-02T18:00:18.347Z","level":"info","message":"Request received","method":"POST","service":"user-service","url":"/user/wallet"}
{"date":"2024-02-02T18:01:33.750Z","level":"info","message":"Request received","method":"POST","service":"user-service","url":"/user/wallet"}
{"date":"2024-02-02T18:01:34.275Z","level":"error","message":"Wallet already Exist","method":"POST","service":"user-service","url":"/wallet"}
{"date":"2024-02-02T18:03:11.438Z","level":"info","message":"Request received","method":"POST","service":"user-service","url":"/transaction/65bd1c3bc3e497073f55f399"}
{"date":"2024-02-02T18:03:12.306Z","level":"error","message":"Transaction validation failed: date: Cast to date failed for value \"any\" (type string) at path \"date\"","method":"POST","service":"user-service","url":"/65bd1c3bc3e497073f55f399"}
{"date":"2024-02-02T18:03:49.910Z","level":"info","message":"Request received","method":"POST","service":"user-service","url":"/transaction/65bd1c3bc3e497073f55f399"}
{"date":"2024-02-02T18:03:50.887Z","level":"error","message":"Transaction validation failed: date: Cast to date failed for value \"any\" (type string) at path \"date\"","method":"POST","service":"user-service","url":"/65bd1c3bc3e497073f55f399"}
{"date":"2024-02-02T18:03:54.121Z","level":"info","message":"Request received","method":"POST","service":"user-service","url":"/transaction/65bd1c3bc3e497073f55f399"}
{"date":"2024-02-02T18:03:54.934Z","level":"error","message":"Transaction validation failed: date: Cast to date failed for value \"any\" (type string) at path \"date\"","method":"POST","service":"user-service","url":"/65bd1c3bc3e497073f55f399"}
{"date":"2024-02-02T18:04:02.928Z","level":"info","message":"Request received","method":"POST","service":"user-service","url":"/transaction/65bd1c3bc3e497073f55f399"}
{"date":"2024-02-02T18:08:56.454Z","level":"info","message":"Request received","method":"POST","service":"user-service","url":"/transaction/65bd1c3bc3e497073f55f399"}
{"date":"2024-02-02T18:09:49.720Z","level":"info","message":"Request received","method":"GET","service":"user-service","url":"/api-docs/"}
{"date":"2024-02-02T18:09:49.810Z","level":"info","message":"Request received","method":"GET","service":"user-service","url":"/api-docs/swagger-ui.css"}
{"date":"2024-02-02T18:09:49.818Z","level":"info","message":"Request received","method":"GET","service":"user-service","url":"/api-docs/swagger-ui-bundle.js"}
{"date":"2024-02-02T18:09:49.830Z","level":"info","message":"Request received","method":"GET","service":"user-service","url":"/api-docs/swagger-ui-standalone-preset.js"}
{"date":"2024-02-02T18:09:49.843Z","level":"info","message":"Request received","method":"GET","service":"user-service","url":"/api-docs/swagger-ui-init.js"}
{"date":"2024-02-02T18:09:51.455Z","level":"info","message":"Request received","method":"GET","service":"user-service","url":"/api-docs/favicon-32x32.png"}
{"date":"2024-02-02T18:09:52.255Z","level":"info","message":"Request received","method":"GET","service":"user-service","url":"/api-docs/favicon-32x32.png"}
{"date":"2024-02-02T18:10:35.705Z","level":"info","message":"Request received","method":"POST","service":"user-service","url":"/transaction/65bd1c3bc3e497073f55f399"}
{"date":"2024-02-02T18:10:36.293Z","level":"error","message":"Expected a string but received a number","method":"POST","service":"user-service","url":"/65bd1c3bc3e497073f55f399"}
{"date":"2024-02-02T18:11:53.271Z","level":"info","message":"Request received","method":"POST","service":"user-service","url":"/transaction/65bd1c3bc3e497073f55f399"}
{"date":"2024-02-02T18:11:53.755Z","level":"error","message":"Expected a string but received a number","method":"POST","service":"user-service","url":"/65bd1c3bc3e497073f55f399"}
{"date":"2024-02-02T18:13:37.311Z","level":"info","message":"Request received","method":"POST","service":"user-service","url":"/transaction/65bd1c3bc3e497073f55f399"}
{"date":"2024-02-02T18:13:47.001Z","level":"info","message":"Request received","method":"POST","service":"user-service","url":"/transaction/65bd1c3bc3e497073f55f399"}
{"date":"2024-02-02T18:13:47.538Z","level":"error","message":"Enter valid amount","method":"POST","service":"user-service","url":"/65bd1c3bc3e497073f55f399"}
{"date":"2024-02-02T18:14:20.030Z","level":"info","message":"Request received","method":"POST","service":"user-service","url":"/transaction/65bd1c3bc3e497073f55f399"}
{"date":"2024-02-02T18:14:33.790Z","level":"info","message":"Request received","method":"POST","service":"user-service","url":"/transaction/65bd1c3bc3e497073f55f399"}
{"date":"2024-02-02T18:14:34.474Z","level":"error","message":"Transaction validation failed: type: `credit1` is not a valid enum value for path `type`.","method":"POST","service":"user-service","url":"/65bd1c3bc3e497073f55f399"}
{"date":"2024-02-02T18:15:06.673Z","level":"info","message":"Request received","method":"POST","service":"user-service","url":"/transaction/65bd1c3bc3e497073f55f399"}
{"date":"2024-02-02T18:15:28.538Z","level":"info","message":"Request received","method":"POST","service":"user-service","url":"/transaction/65bd1c3bc3e497073f55f399"}
{"date":"2024-02-02T18:15:47.210Z","level":"info","message":"Request received","method":"POST","service":"user-service","url":"/transaction/65bd1c3bc3e497073f55f399"}
{"date":"2024-02-02T18:16:06.984Z","level":"info","message":"Request received","method":"POST","service":"user-service","url":"/transaction/65bd1c3bc3e497073f55f399"}
{"date":"2024-02-02T18:16:15.231Z","level":"info","message":"Request received","method":"POST","service":"user-service","url":"/transaction/65bd1c3bc3e497073f55f399"}
{"date":"2024-02-02T18:16:23.601Z","level":"info","message":"Request received","method":"POST","service":"user-service","url":"/transaction/65bd1c3bc3e497073f55f399"}
{"date":"2024-02-02T18:16:33.179Z","level":"info","message":"Request received","method":"POST","service":"user-service","url":"/transaction/65bd1c3bc3e497073f55f399"}
{"date":"2024-02-02T18:16:34.274Z","level":"error","message":"Amount cann't be debited","method":"POST","service":"user-service","url":"/65bd1c3bc3e497073f55f399"}
{"date":"2024-02-02T18:16:41.111Z","level":"info","message":"Request received","method":"POST","service":"user-service","url":"/transaction/65bd1c3bc3e497073f55f399"}
{"date":"2024-02-02T18:16:42.119Z","level":"error","message":"Amount cann't be debited","method":"POST","service":"user-service","url":"/65bd1c3bc3e497073f55f399"}
{"date":"2024-02-02T18:16:47.356Z","level":"info","message":"Request received","method":"POST","service":"user-service","url":"/transaction/65bd1c3bc3e497073f55f399"}
{"date":"2024-02-02T18:16:48.572Z","level":"error","message":"Amount cann't be debited","method":"POST","service":"user-service","url":"/65bd1c3bc3e497073f55f399"}
{"date":"2024-02-02T18:17:19.250Z","level":"info","message":"Request received","method":"POST","service":"user-service","url":"/transaction/65bd1c3bc3e497073f55f399"}
{"date":"2024-02-02T18:17:33.840Z","level":"info","message":"Request received","method":"POST","service":"user-service","url":"/transaction/65bd1c3bc3e497073f55f399"}
{"date":"2024-02-02T18:17:34.672Z","level":"error","message":"Amount cann't be debited","method":"POST","service":"user-service","url":"/65bd1c3bc3e497073f55f399"}
{"date":"2024-02-02T18:18:07.800Z","level":"info","message":"Request received","method":"POST","service":"user-service","url":"/transaction/65bd1c3bc3e497073f55f399"}
{"date":"2024-02-02T18:18:15.165Z","level":"info","message":"Request received","method":"POST","service":"user-service","url":"/transaction/65bd1c3bc3e497073f55f399"}
{"date":"2024-02-02T18:18:32.466Z","level":"info","message":"Request received","method":"POST","service":"user-service","url":"/transaction/65bd1c3bc3e497073f55f399"}
{"date":"2024-02-02T18:18:33.349Z","level":"error","message":"Amount cann't be debited","method":"POST","service":"user-service","url":"/65bd1c3bc3e497073f55f399"}
{"date":"2024-02-02T18:18:45.922Z","level":"info","message":"Request received","method":"POST","service":"user-service","url":"/transaction/65bd1c3bc3e497073f55f399"}
{"date":"2024-02-02T18:19:04.158Z","level":"info","message":"Request received","method":"POST","service":"user-service","url":"/transaction/65bd1c3bc3e497073f55f399"}
{"date":"2024-02-02T18:19:05.014Z","level":"error","message":"Amount cann't be debited","method":"POST","service":"user-service","url":"/65bd1c3bc3e497073f55f399"}
{"date":"2024-02-02T18:19:20.034Z","level":"info","message":"Request received","method":"POST","service":"user-service","url":"/transaction/65bd1c3bc3e497073f55f399"}
{"date":"2024-02-02T18:19:20.944Z","level":"error","message":"Amount cann't be debited","method":"POST","service":"user-service","url":"/65bd1c3bc3e497073f55f399"}
{"date":"2024-02-02T18:19:56.631Z","level":"info","message":"Request received","method":"POST","service":"user-service","url":"/transaction/65bd1c3bc3e497073f55f399"}
{"date":"2024-02-02T18:21:04.909Z","level":"info","message":"Request received","method":"GET","service":"user-service","url":"/transaction/"}
{"date":"2024-02-02T18:21:19.720Z","level":"info","message":"Request received","method":"GET","service":"user-service","url":"/transaction/"}
{"date":"2024-02-02T18:22:48.757Z","level":"info","message":"Request received","method":"GET","service":"user-service","url":"/transaction/?page=1&pageSize=2&search"}
{"date":"2024-02-02T18:22:49.227Z","level":"error","message":"invalid argument to $limit stage: Expected a number in: $limit: \"2\"","method":"GET","service":"user-service","url":"/?page=1&pageSize=2&search"}
{"date":"2024-02-02T18:23:29.550Z","level":"info","message":"Request received","method":"GET","service":"user-service","url":"/transaction/?page=1&pageSize=2"}
{"date":"2024-02-02T18:23:30.024Z","level":"error","message":"invalid argument to $limit stage: Expected a number in: $limit: \"2\"","method":"GET","service":"user-service","url":"/?page=1&pageSize=2"}
{"date":"2024-02-02T18:28:38.010Z","level":"info","message":"Request received","method":"GET","service":"user-service","url":"/transaction/?page=1&pageSize=2"}
{"date":"2024-02-02T18:28:38.528Z","level":"error","message":"invalid argument to $limit stage: Expected a number in: $limit: \"2\"","method":"GET","service":"user-service","url":"/?page=1&pageSize=2"}
{"date":"2024-02-02T18:29:31.190Z","level":"info","message":"Request received","method":"GET","service":"user-service","url":"/transaction/?page=1&pageSize=2"}
{"date":"2024-02-02T18:29:31.614Z","level":"error","message":"invalid argument to $limit stage: Expected a number in: $limit: \"2\"","method":"GET","service":"user-service","url":"/?page=1&pageSize=2"}
{"date":"2024-02-02T18:30:00.214Z","level":"info","message":"Request received","method":"GET","service":"user-service","url":"/transaction/?page=1&pageSize=2"}
{"date":"2024-02-02T18:31:01.197Z","level":"info","message":"Request received","method":"GET","service":"user-service","url":"/transaction/?search=a"}
{"date":"2024-02-02T18:31:10.129Z","level":"info","message":"Request received","method":"GET","service":"user-service","url":"/transaction/?search=any"}
{"date":"2024-02-02T18:32:05.012Z","level":"info","message":"Request received","method":"GET","service":"user-service","url":"/transaction/?search=any"}
{"date":"2024-02-02T18:32:09.194Z","level":"info","message":"Request received","method":"GET","service":"user-service","url":"/transaction/?search=any"}
{"date":"2024-02-02T18:32:12.687Z","level":"info","message":"Request received","method":"GET","service":"user-service","url":"/transaction/"}
{"date":"2024-02-02T18:32:29.154Z","level":"info","message":"Request received","method":"GET","service":"user-service","url":"/transaction/"}
{"date":"2024-02-02T18:32:43.757Z","level":"info","message":"Request received","method":"GET","service":"user-service","url":"/transaction/?pageSize=2"}
{"date":"2024-02-02T18:33:12.411Z","level":"info","message":"Request received","method":"GET","service":"user-service","url":"/transaction/?pageSize=2"}
{"date":"2024-02-02T18:33:18.016Z","level":"info","message":"Request received","method":"GET","service":"user-service","url":"/transaction/?search=any"}
{"date":"2024-02-02T18:34:23.980Z","level":"info","message":"Request received","method":"GET","service":"user-service","url":"/transaction/?search=any"}
{"date":"2024-02-02T18:34:26.985Z","level":"info","message":"Request received","method":"GET","service":"user-service","url":"/transaction/?search=any"}
{"date":"2024-02-02T18:45:15.357Z","level":"info","message":"Request received","method":"GET","service":"user-service","url":"/transaction/?search=any"}
{"date":"2024-02-02T18:46:03.083Z","level":"info","message":"Request received","method":"GET","service":"user-service","url":"/transaction/?search=any"}
{"date":"2024-02-02T18:46:04.973Z","level":"info","message":"Request received","method":"GET","service":"user-service","url":"/transaction/?search=any"}
{"date":"2024-02-02T18:47:26.262Z","level":"info","message":"Request received","method":"POST","service":"user-service","url":"/transaction/65bd1c3bc3e497073f55f399"}
{"date":"2024-02-02T18:47:49.110Z","level":"info","message":"Request received","method":"POST","service":"user-service","url":"/transaction/65bd1c3bc3e497073f55f399"}
{"date":"2024-02-02T18:47:58.428Z","level":"info","message":"Request received","method":"POST","service":"user-service","url":"/transaction/65bd1c3bc3e497073f55f399"}
{"date":"2024-02-02T18:48:12.427Z","level":"info","message":"Request received","method":"POST","service":"user-service","url":"/transaction/65bd1c3bc3e497073f55f399"}
{"date":"2024-02-02T18:48:22.633Z","level":"info","message":"Request received","method":"POST","service":"user-service","url":"/transaction/65bd1c3bc3e497073f55f399"}
{"date":"2024-02-02T18:48:23.478Z","level":"error","message":"Amount cann't be debited","method":"POST","service":"user-service","url":"/65bd1c3bc3e497073f55f399"}
{"date":"2024-02-02T18:48:28.145Z","level":"info","message":"Request received","method":"POST","service":"user-service","url":"/transaction/65bd1c3bc3e497073f55f399"}
{"date":"2024-02-02T18:48:33.857Z","level":"info","message":"Request received","method":"GET","service":"user-service","url":"/transaction/?search=any"}
{"date":"2024-02-02T18:49:03.394Z","level":"info","message":"Request received","method":"GET","service":"user-service","url":"/transaction/?search=any"}
{"date":"2024-02-02T18:50:15.961Z","level":"info","message":"Request received","method":"GET","service":"user-service","url":"/transaction/?search=any"}
{"date":"2024-02-02T18:50:18.490Z","level":"info","message":"Request received","method":"GET","service":"user-service","url":"/transaction/?search=any"}
{"date":"2024-02-02T18:50:20.967Z","level":"info","message":"Request received","method":"GET","service":"user-service","url":"/transaction/?search=any"}
{"date":"2024-02-02T18:51:05.512Z","level":"info","message":"Request received","method":"GET","service":"user-service","url":"/transaction/?search=any"}
{"date":"2024-02-02T18:51:39.997Z","level":"info","message":"Request received","method":"GET","service":"user-service","url":"/transaction/?search=any"}
{"date":"2024-02-02T18:52:14.942Z","level":"info","message":"Request received","method":"GET","service":"user-service","url":"/transaction/?search=any"}
{"date":"2024-02-02T18:52:36.132Z","level":"info","message":"Request received","method":"GET","service":"user-service","url":"/transaction/?search=Transaction%20description"}
{"date":"2024-02-02T18:53:16.252Z","level":"info","message":"Request received","method":"GET","service":"user-service","url":"/transaction/?search=Transaction%20description"}
{"date":"2024-02-02T18:53:28.437Z","level":"info","message":"Request received","method":"GET","service":"user-service","url":"/transaction/?search=any"}
{"date":"2024-02-02T18:54:42.088Z","level":"info","message":"Request received","method":"GET","service":"user-service","url":"/transaction/?search=any"}
{"date":"2024-02-02T18:54:42.314Z","level":"error","message":"Cannot read properties of undefined (reading 'length')","method":"GET","service":"user-service","url":"/?search=any"}
{"date":"2024-02-02T18:55:27.282Z","level":"info","message":"Request received","method":"GET","service":"user-service","url":"/transaction/"}
{"date":"2024-02-02T18:55:27.503Z","level":"error","message":"moment is not defined","method":"GET","service":"user-service","url":"/"}
{"date":"2024-02-02T18:55:53.007Z","level":"info","message":"Request received","method":"GET","service":"user-service","url":"/transaction/"}
{"date":"2024-02-02T18:55:53.256Z","level":"error","message":"Cannot read properties of undefined (reading '0')","method":"GET","service":"user-service","url":"/"}
{"date":"2024-02-02T18:55:55.302Z","level":"info","message":"Request received","method":"GET","service":"user-service","url":"/transaction/"}
{"date":"2024-02-02T18:55:55.560Z","level":"error","message":"Cannot read properties of undefined (reading '0')","method":"GET","service":"user-service","url":"/"}
{"date":"2024-02-02T18:56:51.484Z","level":"info","message":"Request received","method":"GET","service":"user-service","url":"/transaction/"}
{"date":"2024-02-02T18:56:51.711Z","level":"error","message":"Cannot read properties of undefined (reading '0')","method":"GET","service":"user-service","url":"/"}
{"date":"2024-02-02T18:56:55.111Z","level":"info","message":"Request received","method":"GET","service":"user-service","url":"/transaction/"}
{"date":"2024-02-02T18:56:55.323Z","level":"error","message":"Cannot read properties of undefined (reading '0')","method":"GET","service":"user-service","url":"/"}
{"date":"2024-02-02T18:57:27.254Z","level":"info","message":"Request received","method":"GET","service":"user-service","url":"/transaction/"}
{"date":"2024-02-02T18:57:54.020Z","level":"info","message":"Request received","method":"GET","service":"user-service","url":"/transaction/"}
